生成启动时间为 2017/10/9 17:33:42。
     1>项目“C:\Frewen\stduy\The first semester sophomore year\数据结构\程序\任务2_2 insert_order\任务2_2 insert_order\任务2_2 insert_order.vcxproj”在节点 2 上(Build 个目标)。
     1>ClCompile:
         D:\vs\VC\bin\CL.exe /c /ZI /nologo /W3 /WX- /Od /Oy- /D WIN32 /D _DEBUG /D _CONSOLE /D _UNICODE /D UNICODE /Gm /EHsc /RTC1 /MDd /GS /fp:precise /Zc:wchar_t /Zc:forScope /Fo"Debug\\" /Fd"Debug\vc110.pdb" /Gd /TP /analyze- /errorReport:prompt test.cpp
         test.cpp
       Link:
         D:\vs\VC\bin\link.exe /ERRORREPORT:PROMPT /OUT:"C:\Frewen\stduy\The first semester sophomore year\数据结构\程序\任务2_2 insert_order\Debug\任务2_2 insert_order.exe" /INCREMENTAL /NOLOGO kernel32.lib user32.lib gdi32.lib winspool.lib comdlg32.lib advapi32.lib shell32.lib ole32.lib oleaut32.lib uuid.lib odbc32.lib odbccp32.lib /MANIFEST /MANIFESTUAC:"level='asInvoker' uiAccess='false'" /manifest:embed /DEBUG /PDB:"C:\Frewen\stduy\The first semester sophomore year\数据结构\程序\任务2_2 insert_order\Debug\任务2_2 insert_order.pdb" /SUBSYSTEM:CONSOLE /TLBID:1 /DYNAMICBASE /NXCOMPAT /IMPLIB:"C:\Frewen\stduy\The first semester sophomore year\数据结构\程序\任务2_2 insert_order\Debug\任务2_2 insert_order.lib" /MACHINE:X86 Debug\test.obj
     1>MSVCRTD.lib(crtexe.obj) : error LNK2019: 无法解析的外部符号 _main，该符号在函数 ___tmainCRTStartup 中被引用
     1>C:\Frewen\stduy\The first semester sophomore year\数据结构\程序\任务2_2 insert_order\Debug\任务2_2 insert_order.exe : fatal error LNK1120: 1 个无法解析的外部命令
     1>已完成生成项目“C:\Frewen\stduy\The first semester sophomore year\数据结构\程序\任务2_2 insert_order\任务2_2 insert_order\任务2_2 insert_order.vcxproj”(Build 个目标)的操作 - 失败。

生成失败。

已用时间 00:00:00.98
